<?xml version="1.0" encoding="UTF-8"?>
<!-- Generated by org.testng.reporters.JUnitReportReporter -->
<testsuite hostname="DESKTOP-5MA8ON0" failures="0" tests="1" name="Tests.LoginPageTest" time="1.534" errors="0" timestamp="2024-02-09T21:36:32 EET" skipped="0">
  <testcase classname="Tests.LoginPageTest" name="UserLogin" time="1.534"/>
</testsuite> <!-- Tests.LoginPageTest -->
